Guns n Roses joined.
suck this joined.
Format: OU (current)
Rated battle
Rule: Sleep Clause
Rule: Species Clause
Rule: OHKO Clause
Rule: Moody Clause
Rule: Evasion Clause
Guns n Roses's team:
Ninetales / Tangrowth / Dugtrio / Heatran / Dragonite / Donphan
suck this's team:
Deoxys-Defense / Gengar / Scizor / Rotom-Wash / Terrakion / Dragonite
Battle between Guns n Roses and suck this started!
Guns n Roses sent out Hard To Please (Ninetales)!
suck this sent out Deoxys-Defense!
The foe's Deoxys-Defense is exerting its pressure!
Hard To Please's Drought intensified the sun's rays!
Turn 1
Guns n Roses called Hard To Please back!
Guns n Roses sent out Worse Everyday (Dragonite)!
The foe's Deoxys-Defense used Stealth Rock!
Pointed stones float in the air around your team!
Turn 2
The foe's Deoxys-Defense used Taunt!
Worse Everyday fell for the taunt!
Worse Everyday can't use Dragon Dance after the taunt!
Turn 3
The foe's Deoxys-Defense used Spikes!
Spikes were scattered all around the feet of your team!
Worse Everyday used Outrage!
The foe's Deoxys-Defense lost 53% of its health!
Worse Everyday is hurt by the foe's Deoxys-Defense's Rocky Helmet!
Turn 4
The foe's Deoxys-Defense used Spikes!
Spikes were scattered all around the feet of your team!
Worse Everyday used Outrage!
The foe's Deoxys-Defense lost 47% of its health!
Worse Everyday is hurt by the foe's Deoxys-Defense's Rocky Helmet!
The foe's Deoxys-Defense fainted!
Worse Everyday's taunt wore off!
suck this sent out Rotom-Wash!
Turn 5
The foe's Rotom-Wash used Hidden Power!
It's super effective! Worse Everyday lost 67% of its health!
Worse Everyday fainted!
Guns n Roses sent out Animal (Donphan)!
Animal is hurt by the spikes!
Pointed stones dug into Animal!
Turn 6
suck this called Rotom-Wash back!
suck this sent out Gengar!
Animal used Rapid Spin!
It doesn't affect the foe's Gengar...
Animal restored HP using its Leftovers!
Turn 7
Guns n Roses called Animal back!
Guns n Roses sent out Serpentine (Heatran)!
Pointed stones dug into Serpentine!
Serpentine is hurt by the spikes!
The foe's Gengar used Substitute!
The foe's Gengar put in a substitute!
The foe's Gengar lost 25% of its health!
The foe's Gengar restored HP using its Black Sludge!
Turn 8
Serpentine used Hidden Power!
The foe's Gengar's substitute faded!
The foe's Gengar used Focus Blast!
It's super effective! Serpentine lost 71% of its health!
Serpentine fainted!
The foe's Gengar restored HP using its Black Sludge!
Guns n Roses sent out The Jungle (Tangrowth)!
Pointed stones dug into The Jungle!
The Jungle is hurt by the spikes!
Turn 9
suck this called Gengar back!
suck this sent out Scizor!
The Jungle used Hidden Power!
It's not very effective... The foe's Scizor lost 8% of its health!
The Jungle restored HP using its Leftovers!
Turn 10
The Jungle used Hidden Power!
It's not very effective... The foe's Scizor lost 9% of its health!
The foe's Scizor used U-turn!
It's super effective! The Jungle lost 48% of its health!
suck this called Scizor back!
suck this sent out Terrakion!
The Jungle restored HP using its Leftovers!
Turn 11
Guns n Roses forfeited.
suck this won the battle!
Ladder updating...
Ladder (probably) updated, but score could not be retrieved (timeout).
Ladder (probably) updated, but score could not be retrieved (Error: socket hang up).
suck this left.
